<?xml version="1.0" encoding="UTF-8"?>
<!-- Generated by org.testng.reporters.JUnitReportReporter -->
<testsuite skipped="0" hostname="sony-VAIO" name="TestPackage.Day1" tests="1" failures="0" timestamp="27 Mar 2019 16:26:57 GMT" time="0.009" errors="0">
  <testcase name="Demo" time="0.009" classname="TestPackage.Day1"/>
</testsuite> <!-- TestPackage.Day1 -->
