<?xml version="1.0" encoding="UTF-8"?>
<!-- Generated by org.testng.reporters.JUnitReportReporter -->
<testsuite skipped="0" hostname="sony-VAIO" name="TestPackage.Day4" tests="2" failures="0" timestamp="27 Mar 2019 16:26:57 GMT" time="0.006" errors="0">
  <testcase name="MobileLoginCarLoan" time="0.003" classname="TestPackage.Day4"/>
  <testcase name="APILoginCarLoan" time="0.003" classname="TestPackage.Day4"/>
</testsuite> <!-- TestPackage.Day4 -->
