<?xml version="1.0" encoding="UTF-8"?>
<!-- Generated by org.testng.reporters.JUnitReportReporter -->
<testsuite skipped="0" hostname="sony-VAIO" name="TestPackage.Day3" tests="2" failures="0" timestamp="27 Mar 2019 16:26:57 GMT" time="0.003" errors="0">
  <testcase name="MobileLoginCarLoan" time="0.001" classname="TestPackage.Day3"/>
  <testcase name="WEbLoginCarLoan" time="0.002" classname="TestPackage.Day3"/>
</testsuite> <!-- TestPackage.Day3 -->
