<?xml version="1.0" encoding="UTF-8"?>
<!-- Generated by org.testng.reporters.JUnitReportReporter -->
<testsuite hostname="sony-VAIO" name="Academy.HomePage" tests="2" failures="0" timestamp="17 Apr 2019 14:55:29 GMT" time="212.055" errors="0">
  <testcase name="basePageNavigation" time="135.181" classname="Academy.HomePage"/>
  <testcase name="basePageNavigation" time="76.874" classname="Academy.HomePage"/>
</testsuite> <!-- Academy.HomePage -->
